0 0 0 0
0.270921 -270.921 -1.29489e-09 812.764
0.541799 -541.799 -1.29643e-09 1625.4
0.812634 -812.634 -1.29864e-09 2437.9
1.08342 -1083.42 -1.29747e-09 3250.27
1.35417 -1354.17 -1.30442e-09 4062.51
1.62488 -1624.88 -1.29639e-09 4874.63
1.89553 -1895.53 -1.29686e-09 5686.6
2.16615 -2166.15 -1.30192e-09 6498.45
2.43672 -2436.72 -1.30097e-09 7310.17
2.70725 -2707.25 -1.30107e-09 8121.76
2.97774 -2977.74 -1.30791e-09 8933.21
3.24818 -3248.18 -1.31582e-09 9744.54
3.51858 -3518.58 -1.30748e-09 10555.7
3.78893 -3788.93 -1.3076e-09 11366.8
4.05924 -4059.24 -1.30408e-09 12177.7
4.32951 -4329.51 -1.30729e-09 12988.5
4.59973 -4599.73 -1.31692e-09 13799.2
4.86991 -4869.91 -1.32606e-09 14609.7
5.14005 -5140.05 -1.30962e-09 15420.1
5.41014 -5410.14 -1.31705e-09 16230.4
5.68018 -5680.18 -1.31683e-09 17040.6
5.95019 -5950.19 -1.31167e-09 17850.6
6.22015 -6220.15 -1.31213e-09 18660.4
6.49006 -6490.06 -1.3378e-09 19470.2
6.75994 -6759.94 -1.31413e-09 20279.8
7.02976 -7029.76 -1.3378e-09 21089.3
7.29955 -7299.55 -1.3219e-09 21898.6
7.56929 -7569.29 -1.3227e-09 22707.9
7.83899 -7838.99 -1.30169e-09 23517
8.10864 -8108.64 -1.33342e-09 24325.9
8.37825 -8378.25 -1.32485e-09 25134.7
8.64781 -8647.81 -1.32577e-09 25943.4
8.91733 -8917.33 -1.33592e-09 26752
9.18681 -9186.81 -1.34391e-09 27560.4
9.45624 -9456.24 -1.33835e-09 28368.7
9.72563 -9725.63 -1.29609e-09 29176.9
9.99441 -9994.41 -1.42851e-11 29983.2
10.2624 -10262.4 -5.44962e-07 30787.2
10.5296 -10529.6 9.38584e-12 31588.9
10.7957 -10795.7 -8.48242e-12 32387
11.0584 -11058.4 1.21826e-11 33175.2
11.3179 -11317.9 -3.39788e-12 33953.6
11.5742 -11574.2 -2.07697e-11 34722.6
11.8275 -11827.5 1.82511e-12 35482.4
12.0777 -12077.7 -1.62442e-11 36233
12.3249 -12324.9 1.51386e-11 36974.7
12.5693 -12569.3 2.80471e-11 37707.8
12.8108 -12810.8 -3.34592e-11 38432.5
13.0486 -13048.6 3.28039e-11 39145.8
13.2828 -13282.8 -2.79589e-11 39848.3
13.5135 -13513.5 -1.09562e-11 40540.5
13.7409 -13740.9 1.05878e-11 41222.8
13.9653 -13965.3 -2.57225e-07 41895.9
14.1861 -14186.1 2.20562e-11 42558.2
14.4038 -14403.8 3.57635e-12 43211.3
14.6188 -14618.8 -2.73891e-12 43856.4
14.8311 -14831.1 -9.31894e-12 44493.3
15.0403 -15040.3 2.78355e-11 45120.8
15.2465 -15246.5 1.03469e-11 45739.5
15.4505 -15450.5 -3.50086e-11 46351.4
15.6519 -15651.9 -1.97512e-07 46955.8
15.8505 -15850.5 1.35317e-11 47551.4
16.0473 -16047.3 -8.57595e-12 48141.8
16.2415 -16241.5 2.16465e-11 48724.5
16.4335 -16433.5 -1.09384e-11 49300.4
16.6239 -16623.9 -1.8622e-07 49871.7
16.8116 -16811.6 2.67243e-11 50434.7
16.998 -16998 2.49391e-11 50994.1
17.1816 -17181.6 -3.49075e-12 51544.9
17.3639 -17363.9 -1.18384e-12 52091.7
17.5437 -17543.7 2.48549e-11 52631.2
17.7222 -17722.2 -7.38302e-12 53166.5
17.8984 -17898.4 3.8814e-11 53695.3
18.0734 -18073.4 5.5549e-12 54220.2
18.2463 -18246.3 1.02572e-11 54738.8
18.4181 -18418.1 -3.87924e-11 55254.2
18.5878 -18587.8 -3.33972e-11 55763.3
18.7567 -18756.7 7.1665e-12 56270.2
18.9233 -18923.3 3.69383e-11 56770
19.0894 -19089.4 -5.2259e-07 57268.2
19.2535 -19253.5 4.04818e-11 57760.5
19.4167 -19416.7 -1.17306e-07 58250.1
19.5787 -19578.7 -2.12238e-11 58736.2
19.739 -19739 5.1004e-12 59217
19.8988 -19898.8 4.0214e-11 59696.3
20.0569 -20056.9 2.838e-12 60170.8
20.2141 -20214.1 -3.41447e-07 60642.2
20.3705 -20370.5 -2.96501e-11 61111.6
20.5255 -20525.5 2.72061e-11 61576.4
20.6796 -20679.6 -2.76026e-08 62038.8
20.8329 -20832.9 -5.96763e-08 62498.7
20.985 -20985 -6.94684e-11 62955.1
21.1363 -21136.3 4.09541e-11 63408.8
21.2867 -21286.7 2.93916e-11 63860.1
21.4365 -21436.5 -2.1608e-11 64309.5
21.585 -21585 -7.09488e-12 64755
21.7328 -21732.8 -2.32434e-11 65198.3
21.8803 -21880.3 -1.7381e-11 65640.8
22.0265 -22026.5 -3.69331e-12 66079.6
22.1718 -22171.8 8.08888e-11 66515.3
22.3167 -22316.7 -2.19283e-11 66950.2
22.4614 -22461.4 -6.5908e-07 67384.1
22.6044 -22604.4 -3.16143e-11 67813.1
22.7469 -22746.9 -5.33021e-11 68240.8
22.8895 -22889.5 -5.9189e-10 68668.5
23.0308 -23030.8 -1.58704e-11 69092.5
23.1712 -23171.2 -4.9692e-07 69513.6
23.3114 -23311.4 -1.68435e-07 69934.2
23.451 -23451 5.82081e-12 70353
23.5899 -23589.9 -1.61833e-07 70769.6
23.7279 -23727.9 -1.52308e-11 71183.6
23.8657 -23865.7 -1.25451e-07 71597
24.0027 -24002.7 1.93166e-11 72008
24.1391 -24139.1 -9.34711e-12 72417.4
24.2753 -24275.3 1.04778e-10 72825.9
24.4106 -24410.6 -1.36648e-10 73231.9
24.5454 -24545.4 5.58081e-11 73636.1
24.6798 -24679.8 -3.71306e-10 74039.3
24.8138 -24813.8 -1.70498e-07 74441.5
24.9474 -24947.4 -8.0413e-11 74842.2
25.08 -25080 3.45241e-11 75240.1
25.2123 -25212.3 -4.40988e-10 75637
25.3443 -25344.3 -9.7162e-11 76033
25.4762 -25476.2 -1.9923e-08 76428.6
25.6077 -25607.7 1.51111e-12 76823
25.7379 -25737.9 -1.31813e-09 77213.8
25.8679 -25867.9 -4.29707e-10 77603.6
25.9977 -25997.7 -2.04078e-08 77993.2
26.1274 -26127.4 -1.20831e-07 78382.3
26.2568 -26256.8 3.82058e-11 78770.3
26.3854 -26385.4 8.06286e-11 79156.1
26.5133 -26513.3 -1.52953e-08 79539.9
26.6412 -26641.2 -1.05014e-09 79923.5
26.7688 -26768.8 -6.51634e-10 80306.5
26.896 -26896 -2.26689e-11 80688
27.0228 -27022.8 -4.79233e-09 81068.4
27.1495 -27149.5 -3.22484e-10 81448.6
27.2757 -27275.7 -4.27878e-11 81827.1
27.4013 -27401.3 -5.82941e-12 82204
27.5268 -27526.8 -1.18934e-08 82580.5
27.6518 -27651.8 -3.44941e-11 82955.3
27.7767 -27776.7 -3.12992e-10 83330
27.9014 -27901.4 -5.40232e-12 83704.1
28.0258 -28025.8 -4.24867e-10 84077.4
28.1498 -28149.8 4.00525e-12 84449.3
28.2734 -28273.4 -5.08441e-07 84820.1
28.3966 -28396.6 3.03451e-11 85189.7
28.5195 -28519.5 6.07911e-12 85558.5
28.6422 -28642.2 -7.04924e-10 85926.6
28.7648 -28764.8 -3.26218e-10 86294.4
28.8874 -28887.4 -3.24632e-10 86662.2
29.0099 -29009.9 -2.08016e-07 87029.6
29.1313 -29131.3 4.61973e-12 87393.8
29.2524 -29252.4 -2.76694e-08 87757.2
29.3735 -29373.5 -2.35577e-09 88120.4
29.4945 -29494.5 -2.50086e-07 88483.4
29.6154 -29615.4 -3.27279e-10 88846.2
29.7361 -29736.1 -3.54567e-11 89208.2
29.8563 -29856.3 1.6345e-11 89569
