0 0 0 0
0.270921 1e-05 -8.25714e-08 -4.99996e-06
0.541799 2e-05 -1.65232e-07 -9.99982e-06
0.812634 3e-05 -2.47981e-07 -1.49996e-05
1.08342 4e-05 -3.30818e-07 -1.99993e-05
1.35417 5e-05 -4.13745e-07 -2.49989e-05
1.62488 6e-05 -4.96761e-07 -2.99984e-05
1.89553 7e-05 -5.79866e-07 -3.49978e-05
2.16615 8e-05 -6.63059e-07 -3.99971e-05
2.43672 9e-05 -7.46342e-07 -4.49964e-05
2.70725 0.0001 -8.29713e-07 -4.99955e-05
2.97774 0.00011 -9.13174e-07 -5.49946e-05
3.24818 0.00012 -9.96724e-07 -5.99936e-05
3.51858 0.00013 -1.08036e-06 -6.49924e-05
3.78893 0.00014 -1.16409e-06 -6.99912e-05
4.05924 0.00015 -1.24791e-06 -7.49899e-05
4.32951 0.00016 -1.33181e-06 -7.99885e-05
4.59973 0.00017 -1.41581e-06 -8.4987e-05
4.86991 0.00018 -1.49989e-06 -8.99855e-05
5.14005 0.00019 -1.58407e-06 -9.49838e-05
5.41014 0.0002 -1.66833e-06 -9.99821e-05
5.68018 0.00021 -1.75268e-06 -0.00010498
5.95019 0.00022 -1.83713e-06 -0.000109978
6.22015 0.00023 -1.92166e-06 -0.000114976
6.49006 0.00024 -2.00628e-06 -0.000119974
6.75994 0.00025 -2.09099e-06 -0.000124972
7.02976 0.00026 -2.17579e-06 -0.00012997
7.29955 0.00027 -2.26067e-06 -0.000134967
7.56929 0.00028 -2.34565e-06 -0.000139965
7.83899 0.00029 -2.43072e-06 -0.000144962
8.10864 0.0003 -2.51588e-06 -0.00014996
8.37825 0.00031 -2.60112e-06 -0.000154957
8.64781 0.00032 -2.68646e-06 -0.000159954
8.91733 0.00033 -2.77189e-06 -0.000164951
9.18681 0.00034 -2.8574e-06 -0.000169948
9.45624 0.00035 -2.94301e-06 -0.000174945
9.72563 0.00036 -3.0287e-06 -0.000179942
9.99441 0.00037 -3.11365e-06 -0.000184935
10.2624 0.00038 -3.19759e-06 -0.000189923
10.5296 0.00039 -3.28054e-06 -0.000194907
10.7957 0.0004 -3.36176e-06 -0.000199885
11.0584 0.00041 -3.43789e-06 -0.000204845
11.3179 0.00042 -3.50891e-06 -0.000209789
11.5742 0.00043 -3.57485e-06 -0.000214716
11.8275 0.00044 -3.63569e-06 -0.000219627
12.0777 0.00045 -3.69143e-06 -0.000224523
12.3249 0.00046 -3.74207e-06 -0.000229404
12.5693 0.00047 -3.78763e-06 -0.000234269
12.8108 0.00048 -3.82815e-06 -0.000239121
13.0486 0.00049 -3.8618e-06 -0.000243956
13.2828 0.0005 -3.88866e-06 -0.000248776
13.5135 0.00051 -3.90896e-06 -0.000253582
13.7409 0.00052 -3.92293e-06 -0.000258374
13.9653 0.00053 -3.93083e-06 -0.000263153
14.1861 0.00054 -3.93146e-06 -0.000267917
14.4038 0.00055 -3.92581e-06 -0.000272668
14.6188 0.00056 -3.91468e-06 -0.000277408
14.8311 0.00057 -3.89772e-06 -0.000282139
15.0403 0.00058 -3.87398e-06 -0.000286858
15.2465 0.00059 -3.8438e-06 -0.000291565
15.4505 0.0006 -3.80867e-06 -0.000296264
15.6519 0.00061 -3.76788e-06 -0.000300955
15.8505 0.00062 -3.72027e-06 -0.000305634
16.0473 0.00063 -3.66871e-06 -0.000310307
16.2415 0.00064 -3.61107e-06 -0.000314971
16.4335 0.00065 -3.54792e-06 -0.000319626
16.6239 0.00066 -3.48108e-06 -0.000324276
16.8116 0.00067 -3.40743e-06 -0.000328916
16.998 0.00068 -3.33075e-06 -0.000333552
17.1816 0.00069 -3.24674e-06 -0.000338181
17.3639 0.0007 -3.15943e-06 -0.000342807
17.5437 0.00071 -3.06565e-06 -0.000347428
17.7222 0.00072 -2.96825e-06 -0.000352044
17.8984 0.00073 -2.86506e-06 -0.000356656
18.0734 0.00074 -2.75833e-06 -0.000361264
18.2463 0.00075 -2.64588e-06 -0.000365868
18.4181 0.00076 -2.53044e-06 -0.000370469
18.5878 0.00077 -2.40911e-06 -0.000375066
18.7567 0.00078 -2.28574e-06 -0.000379661
18.9233 0.00079 -2.15546e-06 -0.00038425
19.0894 0.0008 -2.02369e-06 -0.00038884
19.2535 0.00081 -1.88599e-06 -0.000393423
19.4167 0.00082 -1.74569e-06 -0.000398007
19.5787 0.00083 -1.60192e-06 -0.000402587
19.739 0.00084 -1.45266e-06 -0.000407163
19.8988 0.00085 -1.30199e-06 -0.00041174
20.0569 0.00086 -1.14618e-06 -0.000416312
20.2141 0.00087 -9.87154e-07 -0.000420883
20.3705 0.00088 -8.2603e-07 -0.000425453
20.5255 0.00089 -6.59884e-07 -0.000430019
20.6796 0.0009 -4.91212e-07 -0.000434584
20.8329 0.00091 -3.19736e-07 -0.000439149
20.985 0.00092 -1.4445e-07 -0.000443712
21.1363 0.00093 3.40061e-08 -0.000448271
21.2867 0.00094 2.1497e-07 -0.000452831
21.4365 0.00095 3.98205e-07 -0.000457391
21.585 0.00096 5.86034e-07 -0.000461944
21.7328 0.00097 7.7633e-07 -0.0004665
21.8803 0.00098 9.67537e-07 -0.000471057
22.0265 0.00099 1.16316e-06 -0.000475608
22.1718 0.001 1.36262e-06 -0.000480159
22.3167 0.00101 1.5629e-06 -0.000484711
22.4614 0.00102 1.76435e-06 -0.000489262
22.6044 0.00103 1.97202e-06 -0.000493811
22.7469 0.00104 2.18121e-06 -0.000498359
22.8895 0.00105 2.39039e-06 -0.000502907
23.0308 0.00106 2.60416e-06 -0.000507458
23.1712 0.00107 2.82182e-06 -0.000512006
23.3114 0.00108 3.03994e-06 -0.000516554
23.451 0.00109 3.26049e-06 -0.000521104
23.5899 0.0011 3.48379e-06 -0.000525657
23.7279 0.00111 3.71071e-06 -0.000530205
23.8657 0.00112 3.93833e-06 -0.000534754
24.0027 0.00113 4.16909e-06 -0.000539306
24.1391 0.00114 4.40206e-06 -0.000543859
24.2753 0.00115 4.63622e-06 -0.00054841
24.4106 0.00116 4.87384e-06 -0.000552961
24.5454 0.00117 5.11406e-06 -0.000557515
24.6798 0.00118 5.35552e-06 -0.000562069
24.8138 0.00119 5.59833e-06 -0.000566623
24.9474 0.0012 5.84321e-06 -0.000571177
25.08 0.00121 6.09229e-06 -0.000575731
25.2123 0.00122 6.34284e-06 -0.000580285
25.3443 0.00123 6.59455e-06 -0.000584842
25.4762 0.00124 6.84669e-06 -0.0005894
25.6077 0.00125 7.10059e-06 -0.00059396
25.7379 0.00126 7.36026e-06 -0.000598515
25.8679 0.00127 7.62122e-06 -0.000603072
25.9977 0.00128 7.8824e-06 -0.000607631
26.1274 0.00129 8.1442e-06 -0.000612192
26.2568 0.0013 8.40769e-06 -0.000616754
26.3854 0.00131 8.67461e-06 -0.000621316
26.5133 0.00132 8.94471e-06 -0.000625876
26.6412 0.00133 9.21516e-06 -0.000630438
26.7688 0.00134 9.48641e-06 -0.000635
26.896 0.00135 9.76006e-06 -0.000639565
27.0228 0.00136 1.00353e-05 -0.00064413
27.1495 0.00137 1.0311e-05 -0.000648698
27.2757 0.00138 1.05893e-05 -0.000653263
27.4013 0.00139 1.08705e-05 -0.000657829
27.5268 0.0014 1.11521e-05 -0.000662395
27.6518 0.00141 1.14366e-05 -0.000666964
27.7767 0.00142 1.17211e-05 -0.000671533
27.9014 0.00143 1.20066e-05 -0.000676103
28.0258 0.00144 1.22934e-05 -0.000680675
28.1498 0.00145 1.25827e-05 -0.000685247
28.2734 0.00146 1.28737e-05 -0.000689819
28.3966 0.00147 1.31669e-05 -0.000694389
28.5195 0.00148 1.34616e-05 -0.000698962
28.6422 0.00149 1.37572e-05 -0.000703536
28.7648 0.0015 1.40533e-05 -0.000708114
28.8874 0.00151 1.43494e-05 -0.000712691
29.0099 0.00152 1.4646e-05 -0.000717268
29.1313 0.00153 1.49488e-05 -0.000721843
29.2524 0.00154 1.52527e-05 -0.000726422
29.3735 0.00155 1.5557e-05 -0.000731002
29.4945 0.00156 1.58618e-05 -0.000735583
29.6154 0.00157 1.61666e-05 -0.000740162
29.7361 0.00158 1.64728e-05 -0.000744745
29.8563 0.00159 1.67814e-05 -0.00074933
