0 0 0 0
1 -1000 -1.16455e-12 3000
2 -2000 -9.33675e-12 6000
3 -3000 1.14025e-12 9000
4 -4000 1.56931e-12 12000
5 -5000 1.49254e-11 15000
6 -6000 1.19019e-11 18000
7 -7000 -2.59383e-11 21000
8 -8000 1.20759e-11 24000
9 -9000 1.09414e-11 27000
10 -10000 5.23928e-12 30000
11 -11000 -4.24425e-11 33000
12 -12000 -3.12354e-11 36000
13 -13000 2.49247e-11 39000
14 -14000 -1.13268e-11 42000
15 -15000 -1.79675e-11 45000
16 -16000 2.70651e-11 48000
17 -17000 -2.50655e-11 51000
18 -18000 -5.7732e-08 54000
19 -19000 -2.64181e-08 57000
20 -20000 -4.68482e-08 60000
21 -21000 -1.66776e-11 63000
22 -22000 1.29183e-10 66000
23 -23000 7.68766e-11 69000
24 -24000 8.18685e-11 72000
25 -25000 -1.36283e-10 75000
26 -26000 -6.22605e-11 78000
27 -27000 -5.08765e-11 81000
28 -28000 1.17444e-11 84000
29 -29000 -3.45555e-08 87000
30 -30000 -4.6288e-12 90000
31 -31000 -4.94091e-11 93000
32 -32000 -4.64673e-11 96000
33 -33000 -1.114e-09 99000
34 -34000 1.45911e-11 102000
35 -35000 -2.20793e-11 105000
36 -36000 1.54427e-10 108000
37 -37000 -9.04594e-11 111000
38 -38000 -4.94122e-11 114000
39 -39000 5.51823e-11 117000
40 -40000 -1.38054e-10 120000
41 -41000 -3.81904e-11 123000
42 -42000 -9.06832e-12 126000
43 -43000 -1.52405e-11 129000
44 -44000 -1.78198e-10 132000
45 -45000 1.66595e-10 135000
46 -46000 1.42685e-10 138000
47 -47000 -1.14129e-10 141000
48 -48000 -3.98182e-11 144000
49 -49000 -1.13881e-11 147000
50 -50000 1.80197e-12 150000
51 -51000 -2.21021e-11 153000
52 -52000 5.76687e-11 156000
53 -53000 1.59193e-10 159000
54 -54000 -1.6588e-10 162000
55 -55000 -2.90636e-10 165000
56 -56000 1.19625e-10 168000
57 -57000 -3.18819e-11 171000
58 -58000 1.30619e-10 174000
59 -59000 -3.83076e-11 177000
60 -60000 -3.84947e-11 180000
61 -61000 -5.0853e-10 183000
62 -62000 -1.41467e-10 186000
63 -63000 -1.63748e-10 189000
