0 0 0 0
1 3.69191e-05 -3.05289e-07 -1.84589e-05
2 7.38601e-05 -6.11968e-07 -3.69276e-05
3 0.000110823 -9.20049e-07 -5.54061e-05
4 0.000147808 -1.22953e-06 -7.38943e-05
5 0.000184816 -1.54042e-06 -9.23924e-05
6 0.000221845 -1.85271e-06 -0.0001109
7 0.000258897 -2.16643e-06 -0.000129418
8 0.000295971 -2.48156e-06 -0.000147946
9 0.000333068 -2.79811e-06 -0.000166484
10 0.000370209 -3.11541e-06 -0.000185039
11 0.000407763 -3.42147e-06 -0.000203737
12 0.000446883 -3.67461e-06 -0.000222999
13 0.000487944 -3.85537e-06 -0.000242963
14 0.000531571 -3.93095e-06 -0.000263901
15 0.000578073 -3.87863e-06 -0.000285949
16 0.000627581 -3.68203e-06 -0.000309178
17 0.000680106 -3.3299e-06 -0.000333601
18 0.000735778 -2.80472e-06 -0.00035932
19 0.000794609 -2.09504e-06 -0.000386366
20 0.00085638 -1.20361e-06 -0.000414658
21 0.000920988 -1.26905e-07 -0.000444162
22 0.000988177 1.127e-06 -0.000474779
23 0.00105781 2.55657e-06 -0.00050646
24 0.0011298 4.16455e-06 -0.000539217
25 0.00120395 5.94093e-06 -0.000572977
26 0.00128018 7.88698e-06 -0.000607711
27 0.0013582 9.98569e-06 -0.000643308
28 0.00143793 1.22339e-05 -0.000679727
29 0.00151919 1.46217e-05 -0.000716897
30 0.00160198 1.7153e-05 -0.000754824
31 0.00168607 1.98114e-05 -0.000793417
32 0.00177141 2.25934e-05 -0.000832654
33 0.00185787 2.54897e-05 -0.000872469
34 0.00194536 2.84952e-05 -0.000912839
35 0.00203381 3.16042e-05 -0.000953724
36 0.00212317 3.48133e-05 -0.000995088
37 0.00221331 3.81097e-05 -0.00103689
38 0.0023043 4.1506e-05 -0.00107914
39 0.0023959 4.49713e-05 -0.00112174
40 0.00248822 4.85239e-05 -0.00116474
41 0.0025811 5.21439e-05 -0.00120807
42 0.00267461 5.58426e-05 -0.00125177
43 0.00276867 5.96085e-05 -0.0012958
44 0.00286323 6.34389e-05 -0.00134015
45 0.00295834 6.73409e-05 -0.00138483
46 0.00305378 7.12832e-05 -0.00142974
47 0.00314978 7.53031e-05 -0.00147497
48 0.00324613 7.93666e-05 -0.00152044
49 0.00334281 8.34712e-05 -0.00156613
50 0.00343996 8.76446e-05 -0.0016121
51 0.00353742 9.18574e-05 -0.00165828
52 0.00363517 9.61089e-05 -0.00170466
53 0.00373322 0.0001004 -0.00175123
54 0.00383164 0.000104745 -0.00179804
55 0.00393029 0.000109119 -0.001845
56 0.00402922 0.000113533 -0.00189215
57 0.00412844 0.000117986 -0.00193949
58 0.00422779 0.000122451 -0.00198694
59 0.00432746 0.000126964 -0.00203459
60 0.0044274 0.000131518 -0.00208241
61 0.00452754 0.000136097 -0.00213037
62 0.00462786 0.000140698 -0.00217846
63 0.00472838 0.000145323 -0.00222668
