0 0 0 0
1 -1000 -100 3000
2 -2000 -100 6000
3 -3000 -100 9000
4 -4000 -100 12000
5 -5000 -100 15000
6 -6000 -100 18000
7 -7000 -100 21000
8 -8000 -100 24000
9 -9000 -100 27000
10 -10000 -100 30000
11 -11000 -100 33000
12 -12000 -100 36000
13 -13000 -100 39000
14 -14000 -100 42000
15 -15000 -100 45000
16 -16000 -100 48000
17 -17000 -100 51000
18 -18000 -100 54000
19 -19000 -100 57000
20 -20000 -100 60000
21 -21000 -100 63000
22 -22000 -100 66000
23 -23000 -100 69000
24 -24000 -100 72000
25 -25000 -100 75000
26 -26000 -100 78000
27 -27000 -100 81000
28 -28000 -100 84000
29 -29000 -100 87000
30 -30000 -100 90000
31 -31000 -100 93000
32 -32000 -100 96000
33 -33000 -100 99000
34 -34000 -100 102000
35 -35000 -100 105000
36 -36000 -100 108000
37 -37000 -100 111000
38 -38000 -100 114000
39 -39000 -100 117000
40 -40000 -100 120000
41 -41000 -100 123000
42 -42000 -100 126000
43 -43000 -100 129000
44 -44000 -100 132000
45 -45000 -100 135000
46 -46000 -100 138000
47 -47000 -100 141000
48 -48000 -100 144000
49 -49000 -100 147000
50 -50000 -100 150000
51 -51000 -100 153000
52 -52000 -100 156000
53 -53000 -100 159000
54 -54000 -100 162000
55 -55000 -100 165000
56 -56000 -100 168000
57 -57000 -100 171000
58 -58000 -100 174000
59 -59000 -100 177000
60 -60000 -100 180000
61 -61000 -100 183000
62 -62000 -100 186000
63 -63000 -100 189000
64 -64000 -100 192000
65 -65000 -100 195000
66 -66000 -100 198000
67 -67000 -100 201000
68 -68000 -100 204000
69 -69000 -100 207000
70 -70000 -100 210000
71 -71000 -100 213000
72 -72000 -100 216000
73 -73000 -100 219000
74 -74000 -100 222000
75 -75000 -100 225000
76 -76000 -100 228000
77 -77000 -100 231000
78 -78000 -100 234000
79 -79000 -100 237000
80 -80000 -100 240000
81 -81000 -100 243000
82 -82000 -100 246000
83 -83000 -100 249000
84 -84000 -100 252000
85 -85000 -100 255000
86 -86000 -100 258000
87 -87000 -100 261000
88 -88000 -100 264000
89 -89000 -100 267000
90 -90000 -100 270000
91 -91000 -100 273000
92 -92000 -100 276000
93 -93000 -100 279000
94 -94000 -100 282000
95 -95000 -100 285000
96 -96000 -100 288000
97 -97000 -100 291000
98 -98000 -100 294000
99 -99000 -100 297000
100 -100000 -100 300000
101 -101000 -100 303000
102 -102000 -100 306000
103 -103000 -100 309000
104 -104000 -100 312000
105 -105000 -100 315000
106 -106000 -100 318000
107 -107000 -100 321000
108 -108000 -100 324000
109 -109000 -100 327000
110 -110000 -100 330000
111 -111000 -100 333000
112 -112000 -100 336000
113 -113000 -100 339000
114 -114000 -100 342000
115 -115000 -100 345000
116 -116000 -100 348000
117 -117000 -100 351000
118 -118000 -100 354000
119 -119000 -100 357000
120 -120000 -100 360000
121 -121000 -100 363000
122 -122000 -100 366000
123 -123000 -100 369000
124 -124000 -100 372000
125 -125000 -100 375000
126 -126000 -100 378000
127 -127000 -100 381000
128 -128000 -100 384000
129 -129000 -100 387000
130 -130000 -100 390000
131 -131000 -100 393000
132 -132000 -100 396000
133 -133000 -100 399000
134 -134000 -100 402000
135 -135000 -100 405000
136 -136000 -100 408000
137 -137000 -100 411000
138 -138000 -100 414000
139 -139000 -100 417000
140 -140000 -100 420000
141 -141000 -100 423000
142 -142000 -100 426000
143 -143000 -100 429000
144 -144000 -100 432000
145 -145000 -100 435000
146 -146000 -100 438000
147 -147000 -100 441000
148 -148000 -100 444000
149 -149000 -100 447000
150 -150000 -100 450000
151 -151000 -100 453000
152 -152000 -100 456000
153 -153000 -100 459000
154 -154000 -100 462000
155 -155000 -100 465000
156 -156000 -100 468000
157 -157000 -100 471000
158 -158000 -100 474000
159 -159000 -100 477000
160 -160000 -100 480000
161 -161000 -100 483000
162 -162000 -100 486000
163 -163000 -100 489000
164 -164000 -100 492000
165 -165000 -100 495000
166 -166000 -100 498000
167 -167000 -100 501000
168 -168000 -100 504000
169 -169000 -100 507000
170 -170000 -100 510000
171 -171000 -100 513000
172 -172000 -100 516000
173 -173000 -100 519000
174 -174000 -100 522000
175 -175000 -100 525000
176 -176000 -100 528000
177 -177000 -100 531000
178 -178000 -100 534000
179 -179000 -100 537000
180 -180000 -100 540000
181 -181000 -100 543000
182 -182000 -100 546000
183 -183000 -100 549000
184 -184000 -100 552000
185 -185000 -100 555000
186 -186000 -100 558000
187 -187000 -100 561000
188 -188000 -100 564000
189 -189000 -100 567000
190 -190000 -100 570000
191 -191000 -100 573000
192 -192000 -100 576000
193 -193000 -100 579000
194 -194000 -100 582000
195 -195000 -100 585000
196 -196000 -100 588000
197 -197000 -100 591000
198 -198000 -100 594000
199 -199000 -100 597000
200 -200000 -100 600000
201 -201000 -100 603000
202 -202000 -100 606000
203 -203000 -100 609000
204 -204000 -100 612000
205 -205000 -100 615000
206 -206000 -100 618000
207 -207000 -100 621000
208 -208000 -100 624000
209 -209000 -100 627000
209.01 -209010 -100 627030
209.023 -209023 -100 627070
209.037 -209037 -100 627110
209.05 -209050 -100 627150
209.061 -209061 -100 627182
