0 0 0 0
1 3.68983e-05 -2.67747e-07 -1.84434e-05
2 7.3849e-05 -5.745e-07 -3.6917e-05
3 0.000110822 -8.82649e-07 -5.54003e-05
4 0.000147817 -1.1922e-06 -7.38934e-05
5 0.000184833 -1.50316e-06 -9.23963e-05
6 0.000221873 -1.81553e-06 -0.000110909
7 0.000258934 -2.12931e-06 -0.000129432
8 0.000296018 -2.44452e-06 -0.000147965
9 0.000333124 -2.76114e-06 -0.000166507
10 0.000370276 -3.07849e-06 -0.000185067
11 0.000407844 -3.38441e-06 -0.000203772
12 0.000446979 -3.63739e-06 -0.00022304
13 0.000488033 -3.81889e-06 -0.000243002
14 0.000531711 -3.89268e-06 -0.000263961
15 0.000578233 -3.8399e-06 -0.000286018
16 0.000627765 -3.64257e-06 -0.000309256
17 0.000680362 -3.2871e-06 -0.000333709
18 0.000736033 -2.76258e-06 -0.000359428
19 0.000794887 -2.05222e-06 -0.000386488
20 0.00085672 -1.15746e-06 -0.000414802
21 0.000921351 -7.98474e-08 -0.000444312
22 0.00098863 1.17968e-06 -0.000474972
23 0.00105829 2.61072e-06 -0.000506669
24 0.00113026 4.21543e-06 -0.00053942
25 0.0012045 5.99843e-06 -0.000573218
26 0.00128072 7.94292e-06 -0.000607951
27 0.00135875 1.00407e-05 -0.000643554
28 0.00143861 1.23004e-05 -0.000680033
29 0.00151995 1.46948e-05 -0.000717236
30 0.00160264 1.72137e-05 -0.000755118
31 0.00168682 1.98803e-05 -0.000793752
32 0.00177215 2.26594e-05 -0.000832983
33 0.00185856 2.55486e-05 -0.000872794
34 0.00194616 2.85643e-05 -0.000913199
35 0.00203479 3.16933e-05 -0.00095417
36 0.00212388 3.48659e-05 -0.000995419
37 0.00221429 3.81951e-05 -0.00103733
38 0.00230534 4.15973e-05 -0.00107961
39 0.00239687 4.50498e-05 -0.00112218
40 0.00248906 4.8583e-05 -0.00116514
41 0.00258223 5.22426e-05 -0.00120859
42 0.00267571 5.59338e-05 -0.00125226
43 0.00276977 5.96974e-05 -0.00129632
44 0.00286433 6.35245e-05 -0.00134066
45 0.00295933 6.74078e-05 -0.0013853
46 0.003055 7.13845e-05 -0.0014303
47 0.00315101 7.54022e-05 -0.00147556
48 0.00324729 7.94514e-05 -0.00152097
49 0.00334413 8.35812e-05 -0.00156675
50 0.00344131 8.77564e-05 -0.00161274
51 0.00353865 9.19438e-05 -0.00165887
52 0.00363639 9.6189e-05 -0.00170523
53 0.00373453 0.000100494 -0.00175187
54 0.00383291 0.00010483 -0.00179862
55 0.00393176 0.000109239 -0.00184572
56 0.0040307 0.000113653 -0.00189286
57 0.00412985 0.000118089 -0.00194016
58 0.00422938 0.000122587 -0.00198771
59 0.00432905 0.000127095 -0.00203537
60 0.00442886 0.000131615 -0.00208313
61 0.00452879 0.000136144 -0.00213098
62 0.00462919 0.000140759 -0.00217912
63 0.00472982 0.000145409 -0.00222738
64 0.00483071 0.000150099 -0.00227583
65 0.00493167 0.000154787 -0.00232432
66 0.00503287 0.00015951 -0.00237299
67 0.00513412 0.000164243 -0.00242174
68 0.00523542 0.000168972 -0.00247052
69 0.00533676 0.000173707 -0.00251937
70 0.00543819 0.00017845 -0.00256831
71 0.00553978 0.000183226 -0.00261735
72 0.0056416 0.000188044 -0.00266657
73 0.0057434 0.000192859 -0.00271581
74 0.00584495 0.000197673 -0.00276499
75 0.00594647 0.000202493 -0.00281421
76 0.00604778 0.000207297 -0.00286338
77 0.00614902 0.000212092 -0.00291255
78 0.00625014 0.000216895 -0.00296172
79 0.00635141 0.000221733 -0.00301103
80 0.00645238 0.000226545 -0.00306023
81 0.00655342 0.000231354 -0.00310947
82 0.00665437 0.000236172 -0.00315873
83 0.00675532 0.000240992 -0.00320802
84 0.00685633 0.00024582 -0.00325736
85 0.00695716 0.000250634 -0.00330665
86 0.00705815 0.000255475 -0.00335607
87 0.00715913 0.000260315 -0.00340552
88 0.00725975 0.00026512 -0.00345482
89 0.00736034 0.000269916 -0.00350411
90 0.00746075 0.000274691 -0.00355334
91 0.00756104 0.000279468 -0.00360259
92 0.00766132 0.000284238 -0.00365184
93 0.00776143 0.000288985 -0.00370101
94 0.00786142 0.000293725 -0.00375016
95 0.00796138 0.000298459 -0.00379928
96 0.00806135 0.00030321 -0.00384848
97 0.00816133 0.000307962 -0.0038977
98 0.00826115 0.000312707 -0.00394686
99 0.00836101 0.000317451 -0.00399605
100 0.00846086 0.000322186 -0.00404524
101 0.00856051 0.000326901 -0.00409436
102 0.00866011 0.000331612 -0.0041435
103 0.00875971 0.000336313 -0.00419263
104 0.00885931 0.000341006 -0.00424176
105 0.0089588 0.000345679 -0.00429085
106 0.00905816 0.000350334 -0.00433988
107 0.00915761 0.000354989 -0.00438896
108 0.00925702 0.000359644 -0.00443807
109 0.00935644 0.000364298 -0.0044872
110 0.00945592 0.000368954 -0.00453637
111 0.00955536 0.000373607 -0.00458553
112 0.00965471 0.000378243 -0.00463467
113 0.00975411 0.000382875 -0.00468384
114 0.00985359 0.000387503 -0.00473305
115 0.0099531 0.000392123 -0.00478226
116 0.0100524 0.000396724 -0.0048314
117 0.0101516 0.000401312 -0.00488053
118 0.0102509 0.000405897 -0.0049297
119 0.0103501 0.000410459 -0.0049788
120 0.0104494 0.000415015 -0.00502792
121 0.0105486 0.00041956 -0.00507703
122 0.0106477 0.000424084 -0.0051261
123 0.0107468 0.000428598 -0.00517516
124 0.010846 0.000433116 -0.00522425
125 0.0109452 0.000437643 -0.00527341
126 0.0110444 0.000442154 -0.00532253
127 0.0111436 0.000446658 -0.00537167
128 0.0112428 0.000451155 -0.00542084
129 0.011342 0.000455633 -0.00546998
130 0.0114412 0.000460101 -0.00551911
131 0.0115405 0.00046457 -0.0055683
132 0.0116398 0.000469039 -0.00561752
133 0.0117391 0.000473494 -0.00566672
134 0.0118385 0.000477939 -0.00571592
135 0.0119379 0.00048238 -0.00576517
136 0.0120374 0.000486822 -0.00581447
137 0.012137 0.000491265 -0.00586383
138 0.0122365 0.000495689 -0.00591315
139 0.012336 0.000500103 -0.00596249
140 0.0124357 0.000504514 -0.00601187
141 0.0125354 0.000508927 -0.0060613
142 0.0126353 0.000513334 -0.00611078
143 0.0127352 0.000517733 -0.00616027
144 0.0128351 0.000522126 -0.0062098
145 0.0129352 0.000526512 -0.00625936
146 0.0130352 0.000530884 -0.00630892
147 0.0131354 0.000535252 -0.00635852
148 0.0132356 0.000539614 -0.00640817
149 0.0133359 0.000543973 -0.00645787
150 0.0134364 0.000548332 -0.00650762
151 0.013537 0.000552697 -0.00655745
152 0.0136378 0.000557061 -0.00660734
153 0.0137386 0.000561419 -0.00665727
154 0.0138396 0.000565768 -0.00670723
155 0.0139406 0.000570114 -0.00675725
156 0.0140417 0.000574448 -0.00680728
157 0.014143 0.000578774 -0.00685734
158 0.0142444 0.000583099 -0.00690745
159 0.014346 0.000587423 -0.00695764
160 0.0144477 0.00059174 -0.00700787
161 0.0145496 0.000596052 -0.00705815
162 0.0146517 0.000600367 -0.00710851
163 0.0147539 0.000604681 -0.00715895
164 0.0148565 0.000608994 -0.00720946
165 0.0149591 0.000613301 -0.00726002
166 0.0150621 0.000617614 -0.00731068
167 0.0151653 0.000621931 -0.00736144
168 0.0152688 0.000626262 -0.00741232
169 0.0153726 0.000630605 -0.00746332
170 0.0154767 0.000634955 -0.00751443
171 0.0155812 0.000639318 -0.00756568
172 0.0156862 0.000643694 -0.0076171
173 0.0157916 0.000648089 -0.00766871
174 0.0158974 0.000652486 -0.00772042
175 0.0160036 0.000656891 -0.00777228
176 0.0161103 0.000661316 -0.00782433
177 0.0162177 0.000665762 -0.0078766
178 0.0163256 0.000670233 -0.00792909
179 0.0164343 0.000674731 -0.00798183
180 0.0165436 0.000679257 -0.00803482
181 0.0166536 0.000683809 -0.00808807
182 0.0167645 0.000688396 -0.00814161
183 0.0168762 0.000693016 -0.00819545
184 0.0169888 0.000697678 -0.00824962
185 0.0171024 0.000702383 -0.00830414
186 0.0172169 0.000707124 -0.00835897
187 0.0173326 0.000711914 -0.00841421
188 0.0174494 0.000716764 -0.00846989
189 0.0175675 0.000721677 -0.00852603
190 0.0176869 0.000726666 -0.00858266
191 0.0178078 0.000731727 -0.00863981
192 0.0179302 0.000736857 -0.00869747
193 0.0180542 0.000742069 -0.00875571
194 0.01818 0.000747379 -0.0088146
195 0.0183078 0.000752792 -0.00887421
196 0.0184378 0.000758329 -0.00893463
197 0.0185704 0.000764006 -0.00899597
198 0.018706 0.000769847 -0.00905835
199 0.0188451 0.00077588 -0.00912196
200 0.0189887 0.000782159 -0.00918708
201 0.0191379 0.000788759 -0.00925416
202 0.019295 0.000795811 -0.00932392
203 0.0194639 0.000803554 -0.00939772
204 0.0196522 0.000812416 -0.00947801
205 0.0198852 0.00082407 -0.00957331
206 0.0201845 0.000839654 -0.00969081
207 0.0205847 0.00086138 -0.00984196
208 0.0211314 0.000891686 -0.0100421
209 0.0225325 0.000971344 -0.0105271
209.01 0.0225736 0.000973665 -0.0105409
209.023 0.022633 0.000977014 -0.010561
209.037 0.0226994 0.000980759 -0.0105834
209.05 0.0228008 0.000986509 -0.0106174
209.061 0.0229812 0.000996575 -0.0106777
