0 0 0 0
1.10272 -13355.8 1.26427e-11 40067.5
2.20551 -26650.1 -1.69032e-11 79950.2
3.30839 -39881.2 -1.0364e-08 119643
4.41135 -53047.4 -8.22151e-09 159142
5.51439 -66147 -1.66737e-10 198441
6.61752 -79178.2 -1.23483e-10 237535
7.72072 -92139 -1.80767e-11 276417
8.82401 -105027 1.65719e-11 315082
9.92739 -117841 -3.57088e-12 353522
11.0308 -130575 4.55406e-11 391724
12.1344 -143221 -1.51692e-08 429663
12.3551 -145738 -2.0741e-08 437214
13.4588 -158243 9.95713e-11 474730
14.5625 -170543 -1.89254e-10 511628
15.6663 -182424 -1.60382e-10 547271
16.7698 -193495 -5.25867e-12 580486
17.8718 -203214 -2.00873e-10 609643
18.9645 -209299 3.30968e-10 627897
20.0374 -211830 1.3996e-10 635489
21.102 -213298 9.27894e-10 639893
22.1606 -214058 6.68423e-10 642175
23.2156 -214437 2.92839e-10 643311
24.269 -214637 -2.62606e-11 643910
25.3213 -214727 6.799e-10 644181
26.3732 -214780 6.36096e-11 644340
27.4245 -214779 8.60563e-10 644338
28.4758 -214772 -1.31748e-09 644315
29.527 -214750 6.5699e-10 644249
30.5779 -214705 1.15262e-09 644115
31.6288 -214658 -2.30854e-11 643974
32.6796 -214607 8.53174e-10 643821
33.7305 -214555 -9.57613e-10 643664
34.7814 -214501 -3.85214e-10 643503
35.8323 -214445 7.26277e-10 643335
36.883 -214380 -1.26335e-09 643141
37.9337 -214312 -1.27355e-09 642937
38.9843 -214242 9.82929e-10 642725
40.0351 -214169 -3.19064e-10 642508
41.0858 -214095 -2.22527e-10 642285
42.1365 -214018 -6.84858e-10 642054
43.1873 -213936 1.03917e-09 641808
44.2382 -213847 -5.43287e-10 641542
45.2891 -213747 -7.96445e-10 641241
46.3403 -213625 -8.81875e-10 640875
47.3919 -213454 7.12586e-10 640361
48.445 -213045 2.25646e-10 639135
49.4973 -212622 1.55432e-10 637865
50.5496 -211704 -7.73656e-10 635113
50.76 -211578 6.40724e-11 634734
50.9704 -211440 -4.44509e-12 634319
52.0189 -210001 -4.57634e-10 630004
52.2285 -209702 -3.29957e-10 629105
53.2461 -206082 -3.29817e-09 618246
54.265 -202576 1.03435e-09 607727
55.2848 -199152 4.60277e-10 597456
56.3102 -196208 -3.92849e-10 588624
57.3445 -194023 -1.53357e-09 582069
58.378 -191785 1.0152e-09 575354
59.4045 -188950 -1.25652e-09 566850
60.4479 -187616 4.90019e-11 562848
61.4896 -186122 -1.94273e-09 558366
62.5317 -184676 -1.10075e-09 554027
63.5741 -183264 1.27486e-10 549793
64.6164 -181843 -1.31496e-09 545528
65.659 -180455 1.30802e-09 541365
66.7011 -179026 6.72088e-10 537077
67.7453 -177794 -4.88227e-10 533382
68.798 -177394 1.34543e-09 532181
69.8475 -176672 -7.30671e-10 530016
70.8911 -175390 8.8038e-10 526170
71.938 -174429 1.87792e-10 523286
72.992 -174169 -1.81425e-09 522506
74.0369 -173011 2.93217e-10 519034
75.0886 -172524 -2.43703e-09 517571
76.1413 -172133 3.29559e-10 516399
77.1862 -170991 -1.02871e-09 512974
78.2422 -170932 -5.35731e-10 512797
79.2862 -169713 1.69153e-09 509140
80.345 -169958 -1.60767e-10 509873
81.389 -168742 2.14775e-09 506225
82.4481 -169015 3.98481e-10 507045
83.4957 -168140 5.07221e-10 504419
84.5516 -168081 9.2606e-10 504242
85.6038 -167644 1.97797e-09 502933
86.6546 -167076 1.64137e-10 501229
87.7113 -167109 9.58149e-11 501326
88.7573 -166088 -2.30196e-09 498265
89.8165 -166375 5.4765e-10 499126
90.8694 -166022 8.97219e-10 498067
91.9185 -165298 -1.96948e-09 495893
92.9772 -165527 2.94455e-09 496581
94.0308 -165245 -2.26939e-09 495735
95.0796 -164494 -1.0071e-09 493483
96.1392 -164831 1.58252e-09 494493
97.1933 -164603 -7.58387e-10 493810
98.2396 -163621 2.57393e-10 490864
99.3006 -164101 -6.62956e-10 492304
100.357 -164059 -2.10084e-10 492176
