0 0 0 0
1.10272 0.00110272 6.31284e-05 -0.000551218
2.20551 0.00220551 0.000125716 -0.00110218
3.30839 0.00330839 0.000187749 -0.00165288
4.41135 0.00441135 0.000249211 -0.00220331
5.51439 0.00551439 0.000310097 -0.00275343
6.61752 0.00661752 0.000370394 -0.00330325
7.72072 0.00772072 0.000430083 -0.00385275
8.82401 0.00882401 0.000489144 -0.00440189
9.92739 0.00992739 0.000547556 -0.00495067
11.0308 0.0110308 0.000605304 -0.00549904
12.1344 0.0121344 0.000662374 -0.00604689
12.3551 0.0123551 0.000673706 -0.00615638
13.4588 0.0134588 0.000729988 -0.00670317
14.5625 0.0145625 0.000785751 -0.00724795
15.6663 0.0156663 0.00084132 -0.00778796
16.7698 0.0167698 0.000897393 -0.00831804
17.8718 0.0178718 0.000955105 -0.00883065
18.9645 0.0189645 0.00101884 -0.0092881
20.0374 0.0200374 0.00108922 -0.00968519
21.102 0.021102 0.00116224 -0.0100632
22.1606 0.0221606 0.0012366 -0.0104281
23.2156 0.0232156 0.00131177 -0.0107858
24.269 0.024269 0.00138731 -0.0111401
25.3213 0.0253213 0.00146332 -0.0114923
26.3732 0.0263732 0.0015393 -0.0118438
27.4245 0.0274245 0.0016157 -0.0121942
28.4758 0.0284758 0.00169199 -0.0125445
29.527 0.029527 0.00176826 -0.0128946
30.5779 0.0305779 0.00184497 -0.0132443
31.6288 0.0316288 0.00192162 -0.0135939
32.6796 0.0326796 0.00199817 -0.0139435
33.7305 0.0337305 0.00207468 -0.0142931
34.7814 0.0347814 0.00215114 -0.0146427
35.8323 0.0358323 0.0022276 -0.0149922
36.883 0.036883 0.00230433 -0.0153415
37.9337 0.0379337 0.00238109 -0.0156908
38.9843 0.0389843 0.00245773 -0.0160401
40.0351 0.0400351 0.00253425 -0.0163893
41.0858 0.0410858 0.00261062 -0.0167385
42.1365 0.0421365 0.00268678 -0.0170877
43.1873 0.0431873 0.00276262 -0.0174369
44.2382 0.0442382 0.00283797 -0.0177859
45.2891 0.0452891 0.00291248 -0.0181349
46.3403 0.0463403 0.00298542 -0.0184836
47.3919 0.0473919 0.00305481 -0.0188318
48.445 0.048445 0.00310584 -0.0191772
49.4973 0.0494973 0.0031606 -0.0195222
50.5496 0.0505496 0.00318176 -0.0198603
50.76 0.05076 0.00319086 -0.0199287
50.9704 0.0509704 0.00319924 -0.019997
52.0189 0.0520189 0.00319735 -0.0203267
52.2285 0.0522285 0.00319772 -0.0203925
53.2461 0.0532461 0.00311658 -0.020682
54.265 0.054265 0.00303601 -0.0209735
55.2848 0.0552848 0.00295563 -0.0212664
56.3102 0.0563102 0.00287917 -0.0215678
57.3445 0.0573445 0.00280947 -0.0218825
58.378 0.058378 0.00273891 -0.0221963
59.4045 0.0594045 0.00266226 -0.0224996
60.4479 0.0604479 0.00259975 -0.0228291
61.4896 0.0614896 0.00253549 -0.0231558
62.5317 0.0625317 0.00247145 -0.0234833
63.5741 0.0635741 0.00240755 -0.0238114
64.6164 0.0646164 0.00234337 -0.0241393
65.659 0.065659 0.00227931 -0.0244678
66.7011 0.0667011 0.00221459 -0.0247955
67.7453 0.0677453 0.00215169 -0.0251267
68.798 0.068798 0.00209712 -0.0254721
69.8475 0.0698475 0.00203918 -0.025812
70.8911 0.0708911 0.00197537 -0.0261423
71.938 0.071938 0.00191468 -0.026478
72.992 0.072992 0.00186123 -0.0268258
74.0369 0.0740369 0.0017983 -0.0271582
75.0886 0.0750886 0.00174221 -0.0275021
76.1413 0.0761413 0.00168712 -0.0278476
77.1862 0.0771862 0.00162396 -0.0281803
78.2422 0.0782422 0.00157232 -0.0285314
79.2862 0.0792862 0.00150805 -0.0288627
80.345 0.080345 0.00145954 -0.029219
81.389 0.081389 0.00139515 -0.0295503
82.4481 0.0824481 0.00134688 -0.0299071
83.4957 0.0834957 0.00128597 -0.0302443
84.5516 0.0845516 0.00123404 -0.0305954
85.6038 0.0856038 0.0011778 -0.0309402
86.6546 0.0866546 0.00112015 -0.0312826
87.7113 0.0877113 0.00106904 -0.0316353
88.7573 0.0887573 0.00100612 -0.03197
89.8165 0.0898165 0.000957868 -0.032327
90.8694 0.0908694 0.000902378 -0.0326731
91.9185 0.0919185 0.00084249 -0.0330129
92.9772 0.0929772 0.00079364 -0.0333689
94.0308 0.0940308 0.000738701 -0.0337162
95.0796 0.0950796 0.000678431 -0.0340555
96.1392 0.0961392 0.000630704 -0.0344133
97.1933 0.0971933 0.000576337 -0.0347616
98.2396 0.0982396 0.000513128 -0.0350969
99.3006 0.0993006 0.000467084 -0.0354571
100.357 0.100357 0.000414859 -0.0358085
